19:05:19.409 INFO  manager.ApplicationManager - Chrome Driver was opened
19:05:22.052 INFO  manager.ApplicationManager - Current URL is ---> https://contacts-app.tobbymarshall815.vercel.app/home
19:05:22.081 INFO  TestBase - START TEST with name: loginSuccess
19:05:22.082 INFO  TestBase - START checking authorization
19:05:22.082 INFO  manager.ListenerWD - Before Find Elements By ---> By.xpath: //button[text()='Sign Out']
19:05:27.133 INFO  manager.ListenerWD - After Find Elements By ---> By.xpath: //button[text()='Sign Out']
19:05:27.133 INFO  manager.ListenerWD - List size is ---> 0
19:05:27.134 INFO  TestBase - Test was NOT needed in Logout
19:05:27.135 INFO  manager.ListenerWD - Before Find Element By ---> By.xpath: //a[@href='/login']
19:05:27.154 INFO  manager.ListenerWD - After Find Element By ---> By.xpath: //a[@href='/login']
19:05:27.188 INFO  manager.ListenerWD - Before Find Element By ---> By.xpath: //input[@placeholder='Email']
19:05:27.205 INFO  manager.ListenerWD - After Find Element By ---> By.xpath: //input[@placeholder='Email']
19:05:27.272 INFO  manager.ListenerWD - Before Find Element By ---> By.xpath: //input[@placeholder='Password']
19:05:27.286 INFO  manager.ListenerWD - After Find Element By ---> By.xpath: //input[@placeholder='Password']
19:05:27.349 INFO  TestBase - User logins with data ---> email: marinatest@gmail.com, password: MarinaTest_123
19:05:27.349 INFO  manager.ListenerWD - Before Find Element By ---> By.xpath: //button[1]
19:05:27.363 INFO  manager.ListenerWD - After Find Element By ---> By.xpath: //button[1]
19:05:29.385 INFO  manager.ListenerWD - Before Find Elements By ---> By.xpath: //button[text()='Sign Out']
19:05:29.397 INFO  manager.ListenerWD - After Find Elements By ---> By.xpath: //button[text()='Sign Out']
19:05:29.398 INFO  manager.ListenerWD - List size is ---> 1
19:05:29.399 INFO  TestBase - Assert passed (Sign Out button is present)
